<?xml version="1.0" encoding="UTF-8"?>
<!-- Generated by org.testng.reporters.JUnitReportReporter -->
<testsuite hostname="DESKTOP-3HPQVTF" failures="0" tests="2" name="TestRunner.Run" time="34.753" errors="0" timestamp="2023-05-06T19:08:11 IST" skipped="0">
  <testcase classname="TestRunner.Run" name="runScenario" time="16.750"/>
  <system-out/>
  <testcase classname="TestRunner.Run" name="runScenario" time="18.003"/>
  <system-out/>
</testsuite> <!-- TestRunner.Run -->
