<?xml version="1.0" encoding="UTF-8"?>
<!-- Generated by org.testng.reporters.JUnitReportReporter -->
<testsuite hostname="DESKTOP-CV42A7Q" failures="0" tests="1" name="TestRunner.Run" time="11.955" errors="0" timestamp="2022-06-29T20:19:04 IST" skipped="0">
  <testcase classname="TestRunner.Run" name="runScenario" time="11.955"/>
  <system-out/>
</testsuite> <!-- TestRunner.Run -->
